!SESSION 2015-09-02 14:17:16.708 -----------------------------------------------
eclipse.buildId=unknown
java.version=1.8.0_51
java.vendor=Oracle Corporation
BootLoader constants: OS=win32, ARCH=x86_64, WS=win32, NL=en_US
Framework arguments:  -application com.starterkit.rcp.application
Command-line arguments:  -application com.starterkit.rcp.application -data C:\Users\idyczko\Desktop\RCP/../runtime-com.starterkit.rcp.application -dev file:C:/Users/idyczko/Desktop/RCP/.metadata/.plugins/org.eclipse.pde.core/com.starterkit.rcp.application/dev.properties -os win32 -ws win32 -arch x86_64 -consoleLog

!ENTRY com.starterkit.rcp 4 0 2015-09-02 14:17:17.207
!MESSAGE FrameworkEvent ERROR
!STACK 0
org.osgi.framework.BundleException: Could not resolve module: com.starterkit.rcp [71]
  Unresolved requirement: Require-Bundle: com.starterkit.scheduler; bundle-version="1.0.0"

	at org.eclipse.osgi.container.Module.start(Module.java:434)
	at org.eclipse.osgi.container.ModuleContainer$ContainerStartLevel.incStartLevel(ModuleContainer.java:1582)
	at org.eclipse.osgi.container.ModuleContainer$ContainerStartLevel.incStartLevel(ModuleContainer.java:1561)
	at org.eclipse.osgi.container.ModuleContainer$ContainerStartLevel.doContainerStartLevel(ModuleContainer.java:1533)
	at org.eclipse.osgi.container.ModuleContainer$ContainerStartLevel.dispatchEvent(ModuleContainer.java:1476)
	at org.eclipse.osgi.container.ModuleContainer$ContainerStartLevel.dispatchEvent(ModuleContainer.java:1)
	at org.eclipse.osgi.framework.eventmgr.EventManager.dispatchEvent(EventManager.java:230)
	at org.eclipse.osgi.framework.eventmgr.EventManager$EventThread.run(EventManager.java:340)

!ENTRY com.starterkit.rcp 2 0 2015-09-02 14:17:17.379
!MESSAGE Could not resolve module: com.starterkit.rcp [71]
  Unresolved requirement: Require-Bundle: com.starterkit.scheduler; bundle-version="1.0.0"


!ENTRY org.eclipse.osgi 4 0 2015-09-02 14:17:17.379
!MESSAGE Application error
!STACK 1
java.lang.RuntimeException: Application "com.starterkit.rcp.application" could not be found in the registry. The applications available are: org.eclipse.equinox.app.error, org.eclipse.e4.ui.workbench.swt.E4Application, org.eclipse.e4.ui.workbench.swt.GenTopic, org.eclipse.ant.core.antRunner, com.starterkit.rcp.view.application.
	at org.eclipse.equinox.internal.app.EclipseAppContainer.startDefaultApp(EclipseAppContainer.java:248)
	at org.eclipse.equinox.internal.app.MainApplicationLauncher.run(MainApplicationLauncher.java:29)
	at org.eclipse.core.runtime.internal.adaptor.EclipseAppLauncher.runApplication(EclipseAppLauncher.java:134)
	at org.eclipse.core.runtime.internal.adaptor.EclipseAppLauncher.start(EclipseAppLauncher.java:104)
	at org.eclipse.core.runtime.adaptor.EclipseStarter.run(EclipseStarter.java:380)
	at org.eclipse.core.runtime.adaptor.EclipseStarter.run(EclipseStarter.java:235)
	at sun.reflect.NativeMethodAccessorImpl.invoke0(Native Method)
	at sun.reflect.NativeMethodAccessorImpl.invoke(Unknown Source)
	at sun.reflect.DelegatingMethodAccessorImpl.invoke(Unknown Source)
	at java.lang.reflect.Method.invoke(Unknown Source)
	at org.eclipse.equinox.launcher.Main.invokeFramework(Main.java:648)
	at org.eclipse.equinox.launcher.Main.basicRun(Main.java:603)
	at org.eclipse.equinox.launcher.Main.run(Main.java:1465)
	at org.eclipse.equinox.launcher.Main.main(Main.java:1438)
